  PWManagementDlg.cpp
C:\Users\ADMIN\OneDrive\Tài liệu\GitHub\Wlpm\Wlpm\Wlpm\PWManagementDlg.cpp(95,2): warning C4566: character represented by universal-character-name '\u0300' cannot be represented in the current code page (1252)
  (compiling source file '/PWManagementDlg.cpp')
  
C:\Users\ADMIN\OneDrive\Tài liệu\GitHub\Wlpm\Wlpm\Wlpm\PWManagementDlg.cpp(95,2): warning C4566: character represented by universal-character-name '\u0323' cannot be represented in the current code page (1252)
  (compiling source file '/PWManagementDlg.cpp')
  
C:\Users\ADMIN\OneDrive\Tài liệu\GitHub\Wlpm\Wlpm\Wlpm\PWManagementDlg.cpp(96,2): warning C4566: character represented by universal-character-name '\u0300' cannot be represented in the current code page (1252)
  (compiling source file '/PWManagementDlg.cpp')
  
C:\Users\ADMIN\OneDrive\Tài liệu\GitHub\Wlpm\Wlpm\Wlpm\PWManagementDlg.cpp(96,2): warning C4566: character represented by universal-character-name '\u0323' cannot be represented in the current code page (1252)
  (compiling source file '/PWManagementDlg.cpp')
  
C:\Users\ADMIN\OneDrive\Tài liệu\GitHub\Wlpm\Wlpm\Wlpm\PWManagementDlg.cpp(104,3): warning C4566: character represented by universal-character-name '\u0300' cannot be represented in the current code page (1252)
  (compiling source file '/PWManagementDlg.cpp')
  
C:\Users\ADMIN\OneDrive\Tài liệu\GitHub\Wlpm\Wlpm\Wlpm\PWManagementDlg.cpp(104,3): warning C4566: character represented by universal-character-name '\u0323' cannot be represented in the current code page (1252)
  (compiling source file '/PWManagementDlg.cpp')
  
  WlpmDlg.cpp
C:\Users\ADMIN\OneDrive\Tài liệu\GitHub\Wlpm\Wlpm\Wlpm\WlpmDlg.cpp(83,2): warning C4566: character represented by universal-character-name '\u0300' cannot be represented in the current code page (1252)
  (compiling source file '/WlpmDlg.cpp')
  
C:\Users\ADMIN\OneDrive\Tài liệu\GitHub\Wlpm\Wlpm\Wlpm\WlpmDlg.cpp(83,2): warning C4566: character represented by universal-character-name '\u0323' cannot be represented in the current code page (1252)
  (compiling source file '/WlpmDlg.cpp')
  
C:\Users\ADMIN\OneDrive\Tài liệu\GitHub\Wlpm\Wlpm\Wlpm\WlpmDlg.cpp(84,2): warning C4566: character represented by universal-character-name '\u0300' cannot be represented in the current code page (1252)
  (compiling source file '/WlpmDlg.cpp')
  
C:\Users\ADMIN\OneDrive\Tài liệu\GitHub\Wlpm\Wlpm\Wlpm\WlpmDlg.cpp(84,2): warning C4566: character represented by universal-character-name '\u0323' cannot be represented in the current code page (1252)
  (compiling source file '/WlpmDlg.cpp')
  
C:\Users\ADMIN\OneDrive\Tài liệu\GitHub\Wlpm\Wlpm\Wlpm\WlpmDlg.cpp(92,3): warning C4566: character represented by universal-character-name '\u0300' cannot be represented in the current code page (1252)
  (compiling source file '/WlpmDlg.cpp')
  
C:\Users\ADMIN\OneDrive\Tài liệu\GitHub\Wlpm\Wlpm\Wlpm\WlpmDlg.cpp(92,3): warning C4566: character represented by universal-character-name '\u0323' cannot be represented in the current code page (1252)
  (compiling source file '/WlpmDlg.cpp')
  
  Generating Code...
  Wlpm.vcxproj -> C:\Users\ADMIN\OneDrive\Tài liệu\GitHub\Wlpm\Wlpm\x64\Debug\Wlpm.exe
